\BOOKMARK [1][-]{section.1}{Introduction}{}% 1
\BOOKMARK [1][-]{section.2}{Background}{}% 2
\BOOKMARK [2][-]{subsection.2.1}{Neural Networks}{section.2}% 3
\BOOKMARK [2][-]{subsection.2.2}{Convolutional Neural Networks \(CNN\)}{section.2}% 4
\BOOKMARK [2][-]{subsection.2.3}{Convolutional Layer}{section.2}% 5
\BOOKMARK [2][-]{subsection.2.4}{Max Pooling Layer}{section.2}% 6
\BOOKMARK [2][-]{subsection.2.5}{Fully Connected Layer}{section.2}% 7
\BOOKMARK [2][-]{subsection.2.6}{Deep Learning}{section.2}% 8
\BOOKMARK [3][-]{subsubsection.2.6.1}{ Vanishing Gradients }{subsection.2.6}% 9
\BOOKMARK [3][-]{subsubsection.2.6.2}{ Optimization Difficulty }{subsection.2.6}% 10
\BOOKMARK [2][-]{subsection.2.7}{Ensemble learning}{section.2}% 11
\BOOKMARK [2][-]{subsection.2.8}{Network depth}{section.2}% 12
\BOOKMARK [2][-]{subsection.2.9}{Residual Learning}{section.2}% 13
\BOOKMARK [1][-]{section.3}{Residual Networks}{}% 14
\BOOKMARK [2][-]{subsection.3.1}{Residual Block}{section.3}% 15
\BOOKMARK [2][-]{subsection.3.2}{Advantages}{section.3}% 16
\BOOKMARK [1][-]{section.4}{Applications}{}% 17
\BOOKMARK [1][-]{section.5}{Image classification with pre-trained ResNet model}{}% 18
\BOOKMARK [1][-]{section.6}{Conclusions}{}% 19
\BOOKMARK [2][-]{subsection.6.1}{Deep Residual Network \(ResNET-101\)}{section.6}% 20
\BOOKMARK [2][-]{subsection.6.2}{Deep Residual Networks \(ResNET-152\)}{section.6}% 21
\BOOKMARK [2][-]{subsection.6.3}{Deep Residual Network \(ResNET-200\)}{section.6}% 22
\BOOKMARK [2][-]{subsection.6.4}{Network In Network \(NIN\)}{section.6}% 23
